app/build/intermediates/manifest_merge_blame_file/debug/manifest-merger-blame-debug-report.txt
1<?xml version="1.0" encoding="utf-8"?>
2<manifest xmlns:android="http://schemas.android.com/apk/res/android"
3    package="com.example.york_4_android_app"
4    android:versionCode="1"
5    android:versionName="1.0" >
6
7    <uses-sdk
8        android:minSdkVersion="19"
8-->src\main\AndroidManifest.xml
9        android:targetSdkVersion="30" />
9-->src\main\AndroidManifest.xml
10
11    <uses-permission android:name="android.permission.CAMERA" />
11-->src\main\AndroidManifest.xml:5:5-65
11-->src\main\AndroidManifest.xml:5:22-62
12    <uses-permission android:name="android.permission.WRITE_EXTERNAL_STORAGE" />
12-->src\main\AndroidManifest.xml:6:5-81
12-->src\main\AndroidManifest.xml:6:22-78
13    <uses-permission android:name="android.permission.READ_EXTERNAL_STORAGE" />
13-->src\main\AndroidManifest.xml:7:5-80
13-->src\main\AndroidManifest.xml:7:22-77
14    <uses-permission android:name="android.permission.ACCESS_NETWORK_STATE" />
14-->src\main\AndroidManifest.xml:8:5-79
14-->src\main\AndroidManifest.xml:8:22-76
15    <uses-permission android:name="android.permission.ACCESS_WIFI_STATE" />
15-->src\main\AndroidManifest.xml:9:5-76
15-->src\main\AndroidManifest.xml:9:22-73
16    <uses-permission android:name="android.permission.INTERNET" />
16-->src\main\AndroidManifest.xml:10:5-67
16-->src\main\AndroidManifest.xml:10:22-64
17    <uses-permission android:name="android.permission.CAMERA " />
17-->src\main\AndroidManifest.xml:11:5-66
17-->src\main\AndroidManifest.xml:11:22-63
18    <uses-permission android:name="android.permission.READ_EXTERNAL_STORAGE " />
18-->src\main\AndroidManifest.xml:12:5-81
18-->src\main\AndroidManifest.xml:12:22-78
19    <uses-permission android:name="android.permission.WRITE_EXTERNAL_STORAGE " />
19-->src\main\AndroidManifest.xml:13:5-82
19-->src\main\AndroidManifest.xml:13:22-79
20    <uses-permission android:name="android.permission.MEDIA_CONTENT_CONTROL " />
20-->src\main\AndroidManifest.xml:14:5-81
20-->src\main\AndroidManifest.xml:14:22-78
21    <uses-permission android:name="android.permission.CAMERA " />
21-->src\main\AndroidManifest.xml:11:5-66
21-->src\main\AndroidManifest.xml:11:22-63
22    <uses-permission android:name="android.permission.READ_EXTERNAL_STORAGE " />
22-->src\main\AndroidManifest.xml:12:5-81
22-->src\main\AndroidManifest.xml:12:22-78
23    <uses-permission android:name="android.permission.WRITE_EXTERNAL_STORAGE " />
23-->src\main\AndroidManifest.xml:13:5-82
23-->src\main\AndroidManifest.xml:13:22-79
24    <uses-permission android:name="android.permission.MEDIA_CONTENT_CONTROL " />
24-->src\main\AndroidManifest.xml:14:5-81
24-->src\main\AndroidManifest.xml:14:22-78
25
26    <application
26-->src\main\AndroidManifest.xml:20:5-72:19
27        android:allowBackup="true"
27-->src\main\AndroidManifest.xml:21:9-35
28        android:appComponentFactory="androidx.core.app.CoreComponentFactory"
28-->[androidx.core:core:1.3.1] AndroidManifest.xml:24:18-86
29        android:debuggable="true"
30        android:icon="@mipmap/ic_launcher"
30-->src\main\AndroidManifest.xml:22:9-43
31        android:label="@string/app_name"
31-->src\main\AndroidManifest.xml:23:9-41
32        android:roundIcon="@mipmap/ic_launcher_round"
32-->src\main\AndroidManifest.xml:24:9-54
33        android:supportsRtl="true"
33-->src\main\AndroidManifest.xml:25:9-35
34        android:testOnly="true"
35        android:theme="@style/AppTheme" >
35-->src\main\AndroidManifest.xml:26:9-40
36        <activity android:name="com.example.york_4_android_app.ViewAdminWeekday" />
36-->src\main\AndroidManifest.xml:28:9-53
36-->src\main\AndroidManifest.xml:28:19-51
37        <activity android:name="com.example.york_4_android_app.AddTimeTable5" />
37-->src\main\AndroidManifest.xml:29:9-51
37-->src\main\AndroidManifest.xml:29:19-48
38        <activity android:name="com.example.york_4_android_app.AddTimeTable4" />
38-->src\main\AndroidManifest.xml:30:9-51
38-->src\main\AndroidManifest.xml:30:19-48
39        <activity android:name="com.example.york_4_android_app.ViewUploadDetails" />
39-->src\main\AndroidManifest.xml:31:9-55
39-->src\main\AndroidManifest.xml:31:19-52
40        <activity android:name="com.example.york_4_android_app.ViewStudentDetails" />
40-->src\main\AndroidManifest.xml:32:9-56
40-->src\main\AndroidManifest.xml:32:19-53
41        <activity android:name="com.example.york_4_android_app.DisplayVideo" />
41-->src\main\AndroidManifest.xml:33:9-50
41-->src\main\AndroidManifest.xml:33:19-47
42        <activity android:name="com.example.york_4_android_app.VideoUploading" />
42-->src\main\AndroidManifest.xml:34:9-52
42-->src\main\AndroidManifest.xml:34:19-49
43        <activity android:name="com.example.york_4_android_app.DisplayNotice" />
43-->src\main\AndroidManifest.xml:35:9-51
43-->src\main\AndroidManifest.xml:35:19-48
44        <activity android:name="com.example.york_4_android_app.NoticeUpload" />
44-->src\main\AndroidManifest.xml:36:9-50
44-->src\main\AndroidManifest.xml:36:19-47
45        <activity android:name="com.example.york_4_android_app.SignUp" />
45-->src\main\AndroidManifest.xml:37:9-44
45-->src\main\AndroidManifest.xml:37:19-41
46        <activity android:name="com.example.york_4_android_app.NotesView" />
46-->src\main\AndroidManifest.xml:38:9-47
46-->src\main\AndroidManifest.xml:38:19-44
47        <activity android:name="com.example.york_4_android_app.NotesUpload" />
47-->src\main\AndroidManifest.xml:39:9-49
47-->src\main\AndroidManifest.xml:39:19-46
48        <activity android:name="com.example.york_4_android_app.AdminUpload" />
48-->src\main\AndroidManifest.xml:40:9-49
48-->src\main\AndroidManifest.xml:40:19-46
49        <activity android:name="com.example.york_4_android_app.Admin_Login" />
49-->src\main\AndroidManifest.xml:41:9-49
49-->src\main\AndroidManifest.xml:41:19-46
50        <activity android:name="com.example.york_4_android_app.AddSlip" />
50-->src\main\AndroidManifest.xml:42:9-45
50-->src\main\AndroidManifest.xml:42:19-42
51        <activity android:name="com.example.york_4_android_app.MainTermRegister" />
51-->src\main\AndroidManifest.xml:43:9-54
51-->src\main\AndroidManifest.xml:43:19-51
52        <activity android:name="com.example.york_4_android_app.CalculateTF" />
52-->src\main\AndroidManifest.xml:44:9-49
52-->src\main\AndroidManifest.xml:44:19-46
53        <activity android:name="com.example.york_4_android_app.AddTimetable3" />
53-->src\main\AndroidManifest.xml:45:9-51
53-->src\main\AndroidManifest.xml:45:19-48
54        <activity android:name="com.example.york_4_android_app.AddTimetable2" />
54-->src\main\AndroidManifest.xml:46:9-51
54-->src\main\AndroidManifest.xml:46:19-48
55        <activity android:name="com.example.york_4_android_app.AddTimetable" />
55-->src\main\AndroidManifest.xml:47:9-50
55-->src\main\AndroidManifest.xml:47:19-47
56        <activity android:name="com.example.york_4_android_app.ErrorHW" />
56-->src\main\AndroidManifest.xml:48:9-45
56-->src\main\AndroidManifest.xml:48:19-42
57        <activity android:name="com.example.york_4_android_app.UploadHW" />
57-->src\main\AndroidManifest.xml:49:9-46
57-->src\main\AndroidManifest.xml:49:19-43
58        <activity android:name="com.example.york_4_android_app.EnterDetails" />
58-->src\main\AndroidManifest.xml:50:9-50
58-->src\main\AndroidManifest.xml:50:19-47
59        <activity android:name="com.example.york_4_android_app.MainActivity" />
59-->src\main\AndroidManifest.xml:51:9-50
59-->src\main\AndroidManifest.xml:51:19-47
60        <activity android:name="com.example.york_4_android_app.activity_admin" />
60-->src\main\AndroidManifest.xml:52:9-52
60-->src\main\AndroidManifest.xml:52:19-49
61        <activity android:name="com.example.york_4_android_app.activity_student" />
61-->src\main\AndroidManifest.xml:53:9-54
61-->src\main\AndroidManifest.xml:53:19-51
62        <activity android:name="com.example.york_4_android_app.HomePage" >
62-->src\main\AndroidManifest.xml:54:9-61:20
62-->src\main\AndroidManifest.xml:54:19-43
63            <intent-filter>
63-->src\main\AndroidManifest.xml:56:13-60:29
64                <action android:name="android.intent.action.MAIN" />
64-->src\main\AndroidManifest.xml:57:17-69
64-->src\main\AndroidManifest.xml:57:25-66
65
66                <category android:name="android.intent.category.LAUNCHER" />
66-->src\main\AndroidManifest.xml:59:17-77
66-->src\main\AndroidManifest.xml:59:27-74
67            </intent-filter>
68        </activity>
69
70        <provider
70-->src\main\AndroidManifest.xml:63:9-71:20
71            android:name="androidx.core.content.FileProvider"
71-->src\main\AndroidManifest.xml:64:13-62
72            android:authorities="com.example.android.FILE_PROVIDER_PATHS"
72-->src\main\AndroidManifest.xml:65:13-74
73            android:exported="false"
73-->src\main\AndroidManifest.xml:66:13-37
74            android:grantUriPermissions="true" >
74-->src\main\AndroidManifest.xml:67:13-47
75            <meta-data
75-->src\main\AndroidManifest.xml:68:13-70:54
76                android:name="android.support.FILE_PROVIDER_PATHS"
76-->src\main\AndroidManifest.xml:69:17-67
77                android:resource="@xml/file_paths" />
77-->src\main\AndroidManifest.xml:70:17-51
78        </provider>
79    </application>
80
81</manifest>